# JRE version: Java(TM) SE Runtime Environment (8.0_161-b12) (build 1.8.0_161-b12)
# Java VM: Java HotSpot(TM) 64-Bit Server VM (25.161-b12 mixed mode windows-amd64 compressed oops)
Heap:
 PSYoungGen      total 68608K, used 7632K [0x00000000d7300000, 0x00000000dbb00000, 0x0000000100000000)
  eden space 63488K, 3% used [0x00000000d7300000,0x00000000d7577f70,0x00000000db100000)
  from space 5120K, 99% used [0x00000000db100000,0x00000000db5fc0f8,0x00000000db600000)
  to   space 5120K, 0% used [0x00000000db600000,0x00000000db600000,0x00000000dbb00000)
 ParOldGen       total 60416K, used 9323K [0x0000000085800000, 0x0000000089300000, 0x00000000d7300000)
  object space 60416K, 15% used [0x0000000085800000,0x000000008611afb0,0x0000000089300000)
 Metaspace       used 25590K, capacity 26400K, committed 26544K, reserved 1073152K
  class space    used 3294K, capacity 3486K, committed 3504K, reserved 1048576K
GC Heap History (10 events):
Event: 1.803 GC heap before
{Heap before GC invocations=2 (full 0):
 PSYoungGen      total 36864K, used 36368K [0x00000000d7300000, 0x00000000d9c00000, 0x0000000100000000)
  eden space 31744K, 100% used [0x00000000d7300000,0x00000000d9200000,0x00000000d9200000)
  from space 5120K, 90% used [0x00000000d9200000,0x00000000d9684100,0x00000000d9700000)
  to   space 5120K, 0% used [0x00000000d9700000,0x00000000d9700000,0x00000000d9c00000)
 ParOldGen       total 84992K, used 8K [0x0000000085800000, 0x000000008ab00000, 0x00000000d7300000)
  object space 84992K, 0% used [0x0000000085800000,0x0000000085802000,0x000000008ab00000)
 Metaspace       used 12997K, capacity 13456K, committed 13568K, reserved 1060864K
  class space    used 1667K, capacity 1788K, committed 1792K, reserved 1048576K
Event: 1.815 GC heap after
Heap after GC invocations=2 (full 0):
 PSYoungGen      total 36864K, used 5119K [0x00000000d7300000, 0x00000000dbb00000, 0x0000000100000000)
  eden space 31744K, 0% used [0x00000000d7300000,0x00000000d7300000,0x00000000d9200000)
  from space 5120K, 99% used [0x00000000d9700000,0x00000000d9bffcb8,0x00000000d9c00000)
  to   space 5120K, 0% used [0x00000000d9200000,0x00000000d9200000,0x00000000d9700000)
 ParOldGen       total 84992K, used 653K [0x0000000085800000, 0x000000008ab00000, 0x00000000d7300000)
  object space 84992K, 0% used [0x0000000085800000,0x00000000858a34b0,0x000000008ab00000)
 Metaspace       used 12997K, capacity 13456K, committed 13568K, reserved 1060864K
  class space    used 1667K, capacity 1788K, committed 1792K, reserved 1048576K
}
Event: 2.229 GC heap before
{Heap before GC invocations=3 (full 0):
 PSYoungGen      total 36864K, used 36863K [0x00000000d7300000, 0x00000000dbb00000, 0x0000000100000000)
  eden space 31744K, 100% used [0x00000000d7300000,0x00000000d9200000,0x00000000d9200000)
  from space 5120K, 99% used [0x00000000d9700000,0x00000000d9bffcb8,0x00000000d9c00000)
  to   space 5120K, 0% used [0x00000000d9200000,0x00000000d9200000,0x00000000d9700000)
 ParOldGen       total 84992K, used 653K [0x0000000085800000, 0x000000008ab00000, 0x00000000d7300000)
  object space 84992K, 0% used [0x0000000085800000,0x00000000858a34b0,0x000000008ab00000)
 Metaspace       used 17070K, capacity 17552K, committed 17664K, reserved 1064960K
  class space    used 2176K, capacity 2286K, committed 2304K, reserved 1048576K
Event: 2.242 GC heap after
Heap after GC invocations=3 (full 0):
 PSYoungGen      total 36864K, used 5112K [0x00000000d7300000, 0x00000000dbb00000, 0x0000000100000000)
  eden space 31744K, 0% used [0x00000000d7300000,0x00000000d7300000,0x00000000d9200000)
  from space 5120K, 99% used [0x00000000d9200000,0x00000000d96fe0d0,0x00000000d9700000)
  to   space 5120K, 0% used [0x00000000db600000,0x00000000db600000,0x00000000dbb00000)
 ParOldGen       total 84992K, used 3015K [0x0000000085800000, 0x000000008ab00000, 0x00000000d7300000)
  object space 84992K, 3% used [0x0000000085800000,0x0000000085af1f30,0x000000008ab00000)
 Metaspace       used 17070K, capacity 17552K, committed 17664K, reserved 1064960K
  class space    used 2176K, capacity 2286K, committed 2304K, reserved 1048576K
}
Event: 2.605 GC heap before
{Heap before GC invocations=4 (full 0):
 PSYoungGen      total 36864K, used 33179K [0x00000000d7300000, 0x00000000dbb00000, 0x0000000100000000)
  eden space 31744K, 88% used [0x00000000d7300000,0x00000000d8e68cc8,0x00000000d9200000)
  from space 5120K, 99% used [0x00000000d9200000,0x00000000d96fe0d0,0x00000000d9700000)
  to   space 5120K, 0% used [0x00000000db600000,0x00000000db600000,0x00000000dbb00000)
 ParOldGen       total 84992K, used 3015K [0x0000000085800000, 0x000000008ab00000, 0x00000000d7300000)
  object space 84992K, 3% used [0x0000000085800000,0x0000000085af1f30,0x000000008ab00000)
 Metaspace       used 20762K, capacity 21278K, committed 21296K, reserved 1067008K
  class space    used 2702K, capacity 2847K, committed 2864K, reserved 1048576K
Event: 2.631 GC heap after
Heap after GC invocations=4 (full 0):
 PSYoungGen      total 68608K, used 5090K [0x00000000d7300000, 0x00000000dbb00000, 0x0000000100000000)
  eden space 63488K, 0% used [0x00000000d7300000,0x00000000d7300000,0x00000000db100000)
  from space 5120K, 99% used [0x00000000db600000,0x00000000dbaf8980,0x00000000dbb00000)
  to   space 5120K, 0% used [0x00000000db100000,0x00000000db100000,0x00000000db600000)
 ParOldGen       total 84992K, used 5558K [0x0000000085800000, 0x000000008ab00000, 0x00000000d7300000)
  object space 84992K, 6% used [0x0000000085800000,0x0000000085d6da38,0x000000008ab00000)
 Metaspace       used 20762K, capacity 21278K, committed 21296K, reserved 1067008K
  class space    used 2702K, capacity 2847K, committed 2864K, reserved 1048576K
}
Event: 2.631 GC heap before
{Heap before GC invocations=5 (full 1):
 PSYoungGen      total 68608K, used 5090K [0x00000000d7300000, 0x00000000dbb00000, 0x0000000100000000)
  eden space 63488K, 0% used [0x00000000d7300000,0x00000000d7300000,0x00000000db100000)
  from space 5120K, 99% used [0x00000000db600000,0x00000000dbaf8980,0x00000000dbb00000)
  to   space 5120K, 0% used [0x00000000db100000,0x00000000db100000,0x00000000db600000)
 ParOldGen       total 84992K, used 5558K [0x0000000085800000, 0x000000008ab00000, 0x00000000d7300000)
  object space 84992K, 6% used [0x0000000085800000,0x0000000085d6da38,0x000000008ab00000)
 Metaspace       used 20762K, capacity 21278K, committed 21296K, reserved 1067008K
  class space    used 2702K, capacity 2847K, committed 2864K, reserved 1048576K
Event: 2.737 GC heap after
Heap after GC invocations=5 (full 1):
 PSYoungGen      total 68608K, used 0K [0x00000000d7300000, 0x00000000dbb00000, 0x0000000100000000)
  eden space 63488K, 0% used [0x00000000d7300000,0x00000000d7300000,0x00000000db100000)
  from space 5120K, 0% used [0x00000000db600000,0x00000000db600000,0x00000000dbb00000)
  to   space 5120K, 0% used [0x00000000db100000,0x00000000db100000,0x00000000db600000)
 ParOldGen       total 60416K, used 7404K [0x0000000085800000, 0x0000000089300000, 0x00000000d7300000)
  object space 60416K, 12% used [0x0000000085800000,0x0000000085f3b330,0x0000000089300000)
 Metaspace       used 20762K, capacity 21278K, committed 21296K, reserved 1067008K
  class space    used 2702K, capacity 2847K, committed 2864K, reserved 1048576K
}
Event: 3.900 GC heap before
{Heap before GC invocations=6 (full 1):
 PSYoungGen      total 68608K, used 63488K [0x00000000d7300000, 0x00000000dbb00000, 0x0000000100000000)
  eden space 63488K, 100% used [0x00000000d7300000,0x00000000db100000,0x00000000db100000)
  from space 5120K, 0% used [0x00000000db600000,0x00000000db600000,0x00000000dbb00000)
  to   space 5120K, 0% used [0x00000000db100000,0x00000000db100000,0x00000000db600000)
 ParOldGen       total 60416K, used 7404K [0x0000000085800000, 0x0000000089300000, 0x00000000d7300000)
  object space 60416K, 12% used [0x0000000085800000,0x0000000085f3b330,0x0000000089300000)
 Metaspace       used 25469K, capacity 26284K, committed 26544K, reserved 1073152K
  class space    used 3276K, capacity 3452K, committed 3504K, reserved 1048576K
Event: 3.928 GC heap after
Heap after GC invocations=6 (full 1):
 PSYoungGen      total 68608K, used 5104K [0x00000000d7300000, 0x00000000dbb00000, 0x0000000100000000)
  eden space 63488K, 0% used [0x00000000d7300000,0x00000000d7300000,0x00000000db100000)
  from space 5120K, 99% used [0x00000000db100000,0x00000000db5fc0f8,0x00000000db600000)
  to   space 5120K, 0% used [0x00000000db600000,0x00000000db600000,0x00000000dbb00000)
 ParOldGen       total 60416K, used 9323K [0x0000000085800000, 0x0000000089300000, 0x00000000d7300000)
  object space 60416K, 15% used [0x0000000085800000,0x000000008611afb0,0x0000000089300000)
 Metaspace       used 25469K, capacity 26284K, committed 26544K, reserved 1073152K
  class space    used 3276K, capacity 3452K, committed 3504K, reserved 1048576K
}

